2025-03-27 00:08:07,681 - INFO - Trading Bot initialized with investment amount: $100.0
2025-03-27 00:08:07,681 - INFO - Starting Trading Bot...
2025-03-27 00:11:38,334 - INFO - Bot stopped by user
2025-03-27 00:12:23,812 - INFO - Trading Bot initialized with investment amount: $100.0
2025-03-27 00:12:23,812 - INFO - Starting Trading Bot...
2025-03-27 00:12:24,815 - INFO - HTTP Request: POST https://api.telegram.org/botyour_telegram_bot_token/sendMessage "HTTP/1.1 404 Not Found"
2025-03-27 00:13:25,846 - INFO - HTTP Request: POST https://api.telegram.org/botyour_telegram_bot_token/sendMessage "HTTP/1.1 404 Not Found"
2025-03-27 00:15:02,950 - INFO - Trading Bot initialized with investment amount: $100.0
2025-03-27 00:15:02,950 - INFO - Starting Trading Bot...
2025-03-27 00:15:04,195 - INFO - HTTP Request: POST https://api.telegram.org/bot7597858801:AAF-HXd1OHsS9ExROmwNPfidMc44HTFGo4o/sendMessage "HTTP/1.1 200 OK"
2025-03-27 00:16:05,350 - INFO - HTTP Request: POST https://api.telegram.org/bot7597858801:AAF-HXd1OHsS9ExROmwNPfidMc44HTFGo4o/sendMessage "HTTP/1.1 200 OK"
2025-03-27 00:17:06,532 - INFO - HTTP Request: POST https://api.telegram.org/bot7597858801:AAF-HXd1OHsS9ExROmwNPfidMc44HTFGo4o/sendMessage "HTTP/1.1 200 OK"
2025-03-27 00:18:07,746 - INFO - HTTP Request: POST https://api.telegram.org/bot7597858801:AAF-HXd1OHsS9ExROmwNPfidMc44HTFGo4o/sendMessage "HTTP/1.1 200 OK"
2025-03-27 00:19:09,295 - INFO - HTTP Request: POST https://api.telegram.org/bot7597858801:AAF-HXd1OHsS9ExROmwNPfidMc44HTFGo4o/sendMessage "HTTP/1.1 200 OK"
2025-03-27 00:20:10,526 - INFO - HTTP Request: POST https://api.telegram.org/bot7597858801:AAF-HXd1OHsS9ExROmwNPfidMc44HTFGo4o/sendMessage "HTTP/1.1 200 OK"
2025-03-27 00:21:11,717 - INFO - HTTP Request: POST https://api.telegram.org/bot7597858801:AAF-HXd1OHsS9ExROmwNPfidMc44HTFGo4o/sendMessage "HTTP/1.1 200 OK"
2025-03-27 00:22:12,889 - INFO - HTTP Request: POST https://api.telegram.org/bot7597858801:AAF-HXd1OHsS9ExROmwNPfidMc44HTFGo4o/sendMessage "HTTP/1.1 200 OK"
2025-03-27 00:23:14,048 - INFO - HTTP Request: POST https://api.telegram.org/bot7597858801:AAF-HXd1OHsS9ExROmwNPfidMc44HTFGo4o/sendMessage "HTTP/1.1 200 OK"
2025-03-27 00:24:15,308 - INFO - HTTP Request: POST https://api.telegram.org/bot7597858801:AAF-HXd1OHsS9ExROmwNPfidMc44HTFGo4o/sendMessage "HTTP/1.1 200 OK"
2025-03-27 00:25:16,519 - INFO - HTTP Request: POST https://api.telegram.org/bot7597858801:AAF-HXd1OHsS9ExROmwNPfidMc44HTFGo4o/sendMessage "HTTP/1.1 200 OK"
2025-03-27 00:26:17,782 - INFO - HTTP Request: POST https://api.telegram.org/bot7597858801:AAF-HXd1OHsS9ExROmwNPfidMc44HTFGo4o/sendMessage "HTTP/1.1 200 OK"
2025-03-27 00:27:19,059 - INFO - HTTP Request: POST https://api.telegram.org/bot7597858801:AAF-HXd1OHsS9ExROmwNPfidMc44HTFGo4o/sendMessage "HTTP/1.1 200 OK"
2025-03-27 00:28:20,282 - INFO - HTTP Request: POST https://api.telegram.org/bot7597858801:AAF-HXd1OHsS9ExROmwNPfidMc44HTFGo4o/sendMessage "HTTP/1.1 200 OK"
2025-03-27 00:29:21,541 - INFO - HTTP Request: POST https://api.telegram.org/bot7597858801:AAF-HXd1OHsS9ExROmwNPfidMc44HTFGo4o/sendMessage "HTTP/1.1 200 OK"
2025-03-27 00:30:22,690 - INFO - HTTP Request: POST https://api.telegram.org/bot7597858801:AAF-HXd1OHsS9ExROmwNPfidMc44HTFGo4o/sendMessage "HTTP/1.1 200 OK"
2025-03-27 00:31:58,043 - INFO - Screening stocks based on budget...
2025-03-27 00:34:10,398 - INFO - Getting recommendations for balanced strategy...
2025-03-27 00:36:47,302 - ERROR - Fatal error: TradingBot.__init__() takes from 1 to 2 positional arguments but 4 were given
2025-03-27 00:36:47,979 - INFO - HTTP Request: POST https://api.telegram.org/bot7597858801:AAF-HXd1OHsS9ExROmwNPfidMc44HTFGo4o/sendMessage "HTTP/1.1 200 OK"
2025-03-27 00:41:25,711 - INFO - Bot stopped by user
2025-03-27 00:42:43,239 - INFO - Screening stocks based on budget...
2025-03-27 00:42:43,239 - INFO - Fetching S&P 500 stocks list...
2025-03-27 00:42:44,088 - INFO - Starting to screen 503 stocks...
2025-03-27 00:43:48,182 - INFO - Screened 50/503 stocks...
2025-03-27 00:44:51,970 - INFO - Screened 100/503 stocks...
2025-03-27 00:45:54,916 - INFO - Screened 150/503 stocks...
2025-03-27 00:46:57,785 - INFO - Screened 200/503 stocks...
2025-03-27 00:48:01,386 - INFO - Screened 250/503 stocks...
2025-03-27 00:49:04,392 - INFO - Screened 300/503 stocks...
2025-03-27 00:50:07,350 - INFO - Screened 350/503 stocks...
2025-03-27 00:51:09,631 - INFO - Screened 400/503 stocks...
2025-03-27 00:52:13,399 - INFO - Screened 450/503 stocks...
2025-03-27 00:53:16,963 - INFO - Screened 500/503 stocks...
2025-03-27 00:53:20,688 - INFO - Screening complete. Found 202 suitable stocks.
2025-03-27 00:53:20,688 - INFO - Getting recommendations for aggressive strategy...
2025-03-27 00:53:20,688 - INFO - Getting recommendations for aggressive strategy...
2025-03-27 00:53:32,777 - INFO - Calculated growth metrics for 10/202 stocks...
2025-03-27 00:53:45,310 - INFO - Calculated growth metrics for 20/202 stocks...
2025-03-27 00:53:57,904 - INFO - Calculated growth metrics for 30/202 stocks...
2025-03-27 00:54:10,575 - INFO - Calculated growth metrics for 40/202 stocks...
2025-03-27 00:54:23,232 - INFO - Calculated growth metrics for 50/202 stocks...
2025-03-27 00:54:35,904 - INFO - Calculated growth metrics for 60/202 stocks...
2025-03-27 00:54:48,634 - INFO - Calculated growth metrics for 70/202 stocks...
2025-03-27 00:55:01,042 - INFO - Calculated growth metrics for 80/202 stocks...
2025-03-27 00:55:13,493 - INFO - Calculated growth metrics for 90/202 stocks...
2025-03-27 00:55:26,089 - INFO - Calculated growth metrics for 100/202 stocks...
2025-03-27 00:55:38,652 - INFO - Calculated growth metrics for 110/202 stocks...
2025-03-27 00:55:51,111 - INFO - Calculated growth metrics for 120/202 stocks...
2025-03-27 00:56:04,011 - INFO - Calculated growth metrics for 130/202 stocks...
2025-03-27 00:56:16,478 - INFO - Calculated growth metrics for 140/202 stocks...
2025-03-27 00:56:29,119 - INFO - Calculated growth metrics for 150/202 stocks...
2025-03-27 00:56:41,569 - INFO - Calculated growth metrics for 160/202 stocks...
2025-03-27 00:56:54,035 - INFO - Calculated growth metrics for 170/202 stocks...
2025-03-27 00:57:06,642 - INFO - Calculated growth metrics for 180/202 stocks...
2025-03-27 00:57:19,094 - INFO - Calculated growth metrics for 190/202 stocks...
2025-03-27 00:57:31,832 - INFO - Calculated growth metrics for 200/202 stocks...
2025-03-27 00:57:36,078 - INFO - Trading Bot initialized with investment amount: $100.0
2025-03-27 00:57:36,078 - INFO - Risk tolerance: aggressive
2025-03-27 00:57:36,078 - INFO - Trading pairs: ['AIG', 'BK', 'CNC', 'CARR', 'HSIC', 'UBER', 'STT', 'FOX', 'FOXA', 'ENPH']
2025-03-27 00:57:36,078 - INFO - Starting Trading Bot...
2025-03-27 00:57:36,487 - ERROR - Error in main loop: 'close'
2025-03-27 00:57:37,153 - INFO - HTTP Request: POST https://api.telegram.org/bot7597858801:AAF-HXd1OHsS9ExROmwNPfidMc44HTFGo4o/sendMessage "HTTP/1.1 200 OK"
2025-03-27 00:58:37,263 - ERROR - Error in main loop: 'close'
2025-03-27 00:58:37,889 - INFO - HTTP Request: POST https://api.telegram.org/bot7597858801:AAF-HXd1OHsS9ExROmwNPfidMc44HTFGo4o/sendMessage "HTTP/1.1 200 OK"
2025-03-27 01:00:47,544 - ERROR - $AIG: possibly delisted; no price data found  (period=1d)
2025-03-27 01:00:47,801 - ERROR - Error in main loop: 'close'
2025-03-27 07:23:29,688 - ERROR - Error in main loop: 'close'
2025-03-27 07:23:30,453 - INFO - HTTP Request: POST https://api.telegram.org/bot7597858801:AAF-HXd1OHsS9ExROmwNPfidMc44HTFGo4o/sendMessage "HTTP/1.1 200 OK"
2025-03-27 07:24:30,572 - ERROR - Error in main loop: 'close'
2025-03-27 07:24:31,247 - INFO - HTTP Request: POST https://api.telegram.org/bot7597858801:AAF-HXd1OHsS9ExROmwNPfidMc44HTFGo4o/sendMessage "HTTP/1.1 200 OK"
2025-03-27 07:25:31,359 - ERROR - Error in main loop: 'close'
2025-03-27 07:25:32,017 - INFO - HTTP Request: POST https://api.telegram.org/bot7597858801:AAF-HXd1OHsS9ExROmwNPfidMc44HTFGo4o/sendMessage "HTTP/1.1 200 OK"
2025-03-27 07:26:32,136 - ERROR - Error in main loop: 'close'
2025-03-27 07:26:32,803 - INFO - HTTP Request: POST https://api.telegram.org/bot7597858801:AAF-HXd1OHsS9ExROmwNPfidMc44HTFGo4o/sendMessage "HTTP/1.1 200 OK"
2025-03-27 07:27:28,378 - INFO - Screening stocks based on budget...
2025-03-27 07:27:28,380 - INFO - Fetching S&P 500 stocks list...
2025-03-27 07:27:29,246 - INFO - Starting to screen 503 stocks...
2025-03-27 07:28:34,593 - INFO - Screened 50/503 stocks...
2025-03-27 07:29:38,925 - INFO - Screened 100/503 stocks...
2025-03-27 07:30:43,422 - INFO - Screened 150/503 stocks...
2025-03-27 07:31:47,825 - INFO - Screened 200/503 stocks...
2025-03-27 07:33:47,273 - INFO - Starting asset screening process...
2025-03-27 07:33:48,104 - INFO - Starting asset screening process...
2025-03-27 07:33:49,757 - INFO - Starting to screen 0 stocks...
2025-03-27 07:33:49,757 - INFO - Starting to screen 100 cryptocurrencies...
2025-03-27 07:34:26,489 - INFO - Screened 20/100 cryptocurrencies...
2025-03-27 07:35:07,063 - INFO - Starting asset screening process...
2025-03-27 07:35:07,727 - INFO - Starting asset screening process...
2025-03-27 07:35:09,366 - INFO - Starting to screen 0 stocks...
2025-03-27 07:35:09,368 - INFO - Starting to screen 100 cryptocurrencies...
2025-03-27 07:35:47,595 - INFO - Screened 20/100 cryptocurrencies...
2025-03-27 07:36:05,564 - INFO - Bot stopped by user
2025-03-27 07:37:25,885 - INFO - Starting asset screening process...
2025-03-27 07:37:26,614 - INFO - Starting asset screening process...
2025-03-27 07:37:27,835 - INFO - Successfully fetched 503 S&P 500 stocks
2025-03-27 07:37:28,099 - INFO - Starting to screen 503 stocks...
2025-03-27 07:38:43,407 - INFO - Screened 50/503 stocks...
2025-03-27 07:39:58,699 - INFO - Screened 100/503 stocks...
2025-03-27 07:41:12,725 - INFO - Screened 150/503 stocks...
2025-03-27 07:42:27,910 - INFO - Screened 200/503 stocks...
2025-03-27 07:43:42,982 - INFO - Screened 250/503 stocks...
2025-03-27 07:44:57,328 - INFO - Screened 300/503 stocks...
2025-03-27 07:46:11,086 - INFO - Screened 350/503 stocks...
2025-03-27 07:47:26,023 - INFO - Screened 400/503 stocks...
2025-03-27 07:48:41,305 - ERROR - $TSCO: possibly delisted; no price data found  (period=1d)
2025-03-27 07:48:43,888 - INFO - Screened 450/503 stocks...
2025-03-27 07:49:58,772 - INFO - Screened 500/503 stocks...
2025-03-27 07:50:03,998 - INFO - Starting to screen 100 cryptocurrencies...
2025-03-27 07:50:41,963 - INFO - Screened 20/100 cryptocurrencies...
2025-03-27 07:51:20,482 - INFO - Screened 40/100 cryptocurrencies...
2025-03-27 07:51:57,956 - INFO - Screened 60/100 cryptocurrencies...
2025-03-27 07:52:37,065 - INFO - Screened 80/100 cryptocurrencies...
2025-03-27 07:53:14,287 - INFO - Screened 100/100 cryptocurrencies...
2025-03-27 07:53:15,410 - INFO - Screening complete. Found 0 stocks and 0 cryptocurrencies meeting criteria.
2025-03-27 07:53:16,832 - INFO - Trading Bot initialized with investment amount: $200.0
2025-03-27 07:53:16,832 - INFO - Risk tolerance: balanced
2025-03-27 07:53:16,832 - INFO - Trading pairs: ['BTCUSDT', 'ETHUSDT', 'BNBUSDT', 'ADAUSDT', 'SOLUSDT', 'AAPL', 'MSFT', 'GOOGL', 'AMZN', 'META', 'NVDA', 'TSLA', 'JPM', 'V', 'WMT']
2025-03-27 07:53:16,832 - INFO - Starting Trading Bot...
2025-03-27 07:53:19,246 - ERROR - Error in main loop: 'BB_upper'
2025-03-27 07:53:19,961 - INFO - HTTP Request: POST https://api.telegram.org/bot7597858801:AAF-HXd1OHsS9ExROmwNPfidMc44HTFGo4o/sendMessage "HTTP/1.1 200 OK"
2025-03-27 07:54:20,236 - ERROR - Error in main loop: 'BB_upper'
2025-03-27 07:54:21,052 - INFO - HTTP Request: POST https://api.telegram.org/bot7597858801:AAF-HXd1OHsS9ExROmwNPfidMc44HTFGo4o/sendMessage "HTTP/1.1 200 OK"
2025-03-27 07:56:57,592 - INFO - Starting asset screening process...
2025-03-27 07:56:58,426 - INFO - Starting asset screening process...
2025-03-27 07:56:59,353 - INFO - Successfully fetched 503 S&P 500 stocks
2025-03-27 07:56:59,611 - INFO - Starting to screen 503 stocks...
2025-03-27 07:58:16,298 - INFO - Screened 50/503 stocks...
2025-03-27 07:59:30,642 - INFO - Screened 100/503 stocks...
2025-03-27 08:00:45,284 - INFO - Screened 150/503 stocks...
2025-03-27 08:01:59,113 - INFO - Screened 200/503 stocks...
2025-03-27 08:03:11,233 - INFO - Screened 250/503 stocks...
2025-03-27 08:04:23,728 - INFO - Screened 300/503 stocks...
2025-03-27 08:05:37,030 - INFO - Screened 350/503 stocks...
2025-03-27 08:06:50,954 - INFO - Screened 400/503 stocks...
2025-03-27 08:08:05,155 - ERROR - $TSCO: possibly delisted; no price data found  (period=1d)
2025-03-27 08:08:07,730 - INFO - Screened 450/503 stocks...
2025-03-27 08:09:21,998 - INFO - Screened 500/503 stocks...
2025-03-27 08:09:26,894 - INFO - Starting to screen 100 cryptocurrencies...
2025-03-27 08:10:04,339 - INFO - Screened 20/100 cryptocurrencies...
2025-03-27 08:10:41,727 - INFO - Screened 40/100 cryptocurrencies...
2025-03-27 08:11:19,046 - INFO - Screened 60/100 cryptocurrencies...
2025-03-27 08:11:56,315 - INFO - Screened 80/100 cryptocurrencies...
2025-03-27 08:12:33,952 - INFO - Screened 100/100 cryptocurrencies...
2025-03-27 08:12:34,812 - INFO - Screening complete. Found 0 stocks and 0 cryptocurrencies meeting criteria.
2025-03-27 08:12:36,343 - INFO - Trading Bot initialized with investment amount: $200.0
2025-03-27 08:12:36,343 - INFO - Risk tolerance: balanced
2025-03-27 08:12:36,343 - INFO - Trading pairs: ['BTCUSDT', 'ETHUSDT', 'BNBUSDT', 'ADAUSDT', 'SOLUSDT', 'AAPL', 'MSFT', 'GOOGL', 'AMZN', 'META', 'NVDA', 'TSLA', 'JPM', 'V', 'WMT']
2025-03-27 08:12:36,343 - INFO - Starting Trading Bot...
2025-03-27 08:12:37,823 - ERROR - Error in main loop: 'RiskManager' object has no attribute 'investment_amount'
2025-03-27 08:12:38,503 - INFO - HTTP Request: POST https://api.telegram.org/bot7597858801:AAF-HXd1OHsS9ExROmwNPfidMc44HTFGo4o/sendMessage "HTTP/1.1 200 OK"
2025-03-27 08:13:38,772 - ERROR - Error in main loop: 'RiskManager' object has no attribute 'investment_amount'
2025-03-27 08:13:39,440 - INFO - HTTP Request: POST https://api.telegram.org/bot7597858801:AAF-HXd1OHsS9ExROmwNPfidMc44HTFGo4o/sendMessage "HTTP/1.1 200 OK"
2025-03-27 08:14:39,708 - ERROR - Error in main loop: 'RiskManager' object has no attribute 'investment_amount'
2025-03-27 08:14:40,347 - INFO - HTTP Request: POST https://api.telegram.org/bot7597858801:AAF-HXd1OHsS9ExROmwNPfidMc44HTFGo4o/sendMessage "HTTP/1.1 200 OK"
2025-03-27 08:15:40,603 - ERROR - Error in main loop: 'RiskManager' object has no attribute 'investment_amount'
2025-03-27 08:15:41,324 - INFO - HTTP Request: POST https://api.telegram.org/bot7597858801:AAF-HXd1OHsS9ExROmwNPfidMc44HTFGo4o/sendMessage "HTTP/1.1 200 OK"
2025-03-27 08:16:41,597 - ERROR - Error in main loop: 'RiskManager' object has no attribute 'investment_amount'
2025-03-27 08:16:42,269 - INFO - HTTP Request: POST https://api.telegram.org/bot7597858801:AAF-HXd1OHsS9ExROmwNPfidMc44HTFGo4o/sendMessage "HTTP/1.1 200 OK"
2025-03-27 08:17:42,624 - ERROR - Error in main loop: 'RiskManager' object has no attribute 'investment_amount'
2025-03-27 08:17:43,292 - INFO - HTTP Request: POST https://api.telegram.org/bot7597858801:AAF-HXd1OHsS9ExROmwNPfidMc44HTFGo4o/sendMessage "HTTP/1.1 200 OK"
2025-03-27 08:18:43,591 - ERROR - Error in main loop: 'RiskManager' object has no attribute 'investment_amount'
2025-03-27 08:18:44,239 - INFO - HTTP Request: POST https://api.telegram.org/bot7597858801:AAF-HXd1OHsS9ExROmwNPfidMc44HTFGo4o/sendMessage "HTTP/1.1 200 OK"
2025-03-27 08:19:44,558 - ERROR - Error in main loop: 'RiskManager' object has no attribute 'investment_amount'
2025-03-27 08:19:45,236 - INFO - HTTP Request: POST https://api.telegram.org/bot7597858801:AAF-HXd1OHsS9ExROmwNPfidMc44HTFGo4o/sendMessage "HTTP/1.1 200 OK"
2025-03-27 08:20:45,515 - ERROR - Error in main loop: 'RiskManager' object has no attribute 'investment_amount'
2025-03-27 08:20:46,199 - INFO - HTTP Request: POST https://api.telegram.org/bot7597858801:AAF-HXd1OHsS9ExROmwNPfidMc44HTFGo4o/sendMessage "HTTP/1.1 200 OK"
2025-03-27 08:21:46,454 - ERROR - Error in main loop: 'RiskManager' object has no attribute 'investment_amount'
2025-03-27 08:21:47,176 - INFO - HTTP Request: POST https://api.telegram.org/bot7597858801:AAF-HXd1OHsS9ExROmwNPfidMc44HTFGo4o/sendMessage "HTTP/1.1 200 OK"
2025-03-27 08:22:47,449 - ERROR - Error in main loop: 'RiskManager' object has no attribute 'investment_amount'
2025-03-27 08:22:48,070 - INFO - HTTP Request: POST https://api.telegram.org/bot7597858801:AAF-HXd1OHsS9ExROmwNPfidMc44HTFGo4o/sendMessage "HTTP/1.1 200 OK"
2025-03-27 08:23:48,390 - ERROR - Error in main loop: 'RiskManager' object has no attribute 'investment_amount'
2025-03-27 08:23:49,031 - INFO - HTTP Request: POST https://api.telegram.org/bot7597858801:AAF-HXd1OHsS9ExROmwNPfidMc44HTFGo4o/sendMessage "HTTP/1.1 200 OK"
2025-03-27 08:24:49,298 - ERROR - Error in main loop: 'RiskManager' object has no attribute 'investment_amount'
2025-03-27 08:24:49,973 - INFO - HTTP Request: POST https://api.telegram.org/bot7597858801:AAF-HXd1OHsS9ExROmwNPfidMc44HTFGo4o/sendMessage "HTTP/1.1 200 OK"
2025-03-27 08:25:50,240 - ERROR - Error in main loop: 'RiskManager' object has no attribute 'investment_amount'
2025-03-27 08:25:50,896 - INFO - HTTP Request: POST https://api.telegram.org/bot7597858801:AAF-HXd1OHsS9ExROmwNPfidMc44HTFGo4o/sendMessage "HTTP/1.1 200 OK"
2025-03-27 08:26:51,151 - ERROR - Error in main loop: 'RiskManager' object has no attribute 'investment_amount'
2025-03-27 08:26:51,875 - INFO - HTTP Request: POST https://api.telegram.org/bot7597858801:AAF-HXd1OHsS9ExROmwNPfidMc44HTFGo4o/sendMessage "HTTP/1.1 200 OK"
2025-03-27 08:27:52,163 - ERROR - Error in main loop: 'RiskManager' object has no attribute 'investment_amount'
2025-03-27 08:27:52,813 - INFO - HTTP Request: POST https://api.telegram.org/bot7597858801:AAF-HXd1OHsS9ExROmwNPfidMc44HTFGo4o/sendMessage "HTTP/1.1 200 OK"
2025-03-27 08:28:53,078 - ERROR - Error in main loop: 'RiskManager' object has no attribute 'investment_amount'
2025-03-27 08:28:53,742 - INFO - HTTP Request: POST https://api.telegram.org/bot7597858801:AAF-HXd1OHsS9ExROmwNPfidMc44HTFGo4o/sendMessage "HTTP/1.1 200 OK"
2025-03-27 08:29:54,033 - ERROR - Error in main loop: 'RiskManager' object has no attribute 'investment_amount'
2025-03-27 08:29:54,699 - INFO - HTTP Request: POST https://api.telegram.org/bot7597858801:AAF-HXd1OHsS9ExROmwNPfidMc44HTFGo4o/sendMessage "HTTP/1.1 200 OK"
2025-03-27 08:30:55,224 - ERROR - Error in main loop: 'RiskManager' object has no attribute 'investment_amount'
2025-03-27 08:30:55,895 - INFO - HTTP Request: POST https://api.telegram.org/bot7597858801:AAF-HXd1OHsS9ExROmwNPfidMc44HTFGo4o/sendMessage "HTTP/1.1 200 OK"
2025-03-27 08:31:56,138 - ERROR - Error in main loop: 'RiskManager' object has no attribute 'investment_amount'
2025-03-27 08:31:56,832 - INFO - HTTP Request: POST https://api.telegram.org/bot7597858801:AAF-HXd1OHsS9ExROmwNPfidMc44HTFGo4o/sendMessage "HTTP/1.1 200 OK"
2025-03-27 08:32:57,075 - ERROR - Error in main loop: 'RiskManager' object has no attribute 'investment_amount'
2025-03-27 08:32:57,715 - INFO - HTTP Request: POST https://api.telegram.org/bot7597858801:AAF-HXd1OHsS9ExROmwNPfidMc44HTFGo4o/sendMessage "HTTP/1.1 200 OK"
2025-03-27 08:33:57,994 - ERROR - Error in main loop: 'RiskManager' object has no attribute 'investment_amount'
2025-03-27 08:33:58,657 - INFO - HTTP Request: POST https://api.telegram.org/bot7597858801:AAF-HXd1OHsS9ExROmwNPfidMc44HTFGo4o/sendMessage "HTTP/1.1 200 OK"
2025-03-27 08:34:59,189 - ERROR - Error in main loop: 'RiskManager' object has no attribute 'investment_amount'
2025-03-27 08:34:59,969 - INFO - HTTP Request: POST https://api.telegram.org/bot7597858801:AAF-HXd1OHsS9ExROmwNPfidMc44HTFGo4o/sendMessage "HTTP/1.1 200 OK"
2025-03-27 08:36:00,226 - ERROR - Error in main loop: 'RiskManager' object has no attribute 'investment_amount'
2025-03-27 08:36:00,859 - INFO - HTTP Request: POST https://api.telegram.org/bot7597858801:AAF-HXd1OHsS9ExROmwNPfidMc44HTFGo4o/sendMessage "HTTP/1.1 200 OK"
2025-03-27 08:37:01,107 - ERROR - Error in main loop: 'RiskManager' object has no attribute 'investment_amount'
2025-03-27 08:37:01,768 - INFO - HTTP Request: POST https://api.telegram.org/bot7597858801:AAF-HXd1OHsS9ExROmwNPfidMc44HTFGo4o/sendMessage "HTTP/1.1 200 OK"
2025-03-27 08:38:02,022 - ERROR - Error in main loop: 'RiskManager' object has no attribute 'investment_amount'
2025-03-27 08:38:02,682 - INFO - HTTP Request: POST https://api.telegram.org/bot7597858801:AAF-HXd1OHsS9ExROmwNPfidMc44HTFGo4o/sendMessage "HTTP/1.1 200 OK"
2025-03-27 08:39:02,931 - ERROR - Error in main loop: 'RiskManager' object has no attribute 'investment_amount'
2025-03-27 08:39:03,627 - INFO - HTTP Request: POST https://api.telegram.org/bot7597858801:AAF-HXd1OHsS9ExROmwNPfidMc44HTFGo4o/sendMessage "HTTP/1.1 200 OK"
2025-03-27 08:40:03,866 - ERROR - Error in main loop: 'RiskManager' object has no attribute 'investment_amount'
2025-03-27 08:40:04,522 - INFO - HTTP Request: POST https://api.telegram.org/bot7597858801:AAF-HXd1OHsS9ExROmwNPfidMc44HTFGo4o/sendMessage "HTTP/1.1 200 OK"
2025-03-27 08:41:04,762 - ERROR - Error in main loop: 'RiskManager' object has no attribute 'investment_amount'
2025-03-27 08:41:05,421 - INFO - HTTP Request: POST https://api.telegram.org/bot7597858801:AAF-HXd1OHsS9ExROmwNPfidMc44HTFGo4o/sendMessage "HTTP/1.1 200 OK"
2025-03-27 08:42:05,664 - ERROR - Error in main loop: 'RiskManager' object has no attribute 'investment_amount'
2025-03-27 08:42:06,328 - INFO - HTTP Request: POST https://api.telegram.org/bot7597858801:AAF-HXd1OHsS9ExROmwNPfidMc44HTFGo4o/sendMessage "HTTP/1.1 200 OK"
2025-03-27 08:43:06,581 - ERROR - Error in main loop: 'RiskManager' object has no attribute 'investment_amount'
2025-03-27 08:43:07,261 - INFO - HTTP Request: POST https://api.telegram.org/bot7597858801:AAF-HXd1OHsS9ExROmwNPfidMc44HTFGo4o/sendMessage "HTTP/1.1 200 OK"
2025-03-27 08:44:07,509 - ERROR - Error in main loop: 'RiskManager' object has no attribute 'investment_amount'
2025-03-27 08:44:08,188 - INFO - HTTP Request: POST https://api.telegram.org/bot7597858801:AAF-HXd1OHsS9ExROmwNPfidMc44HTFGo4o/sendMessage "HTTP/1.1 200 OK"
2025-03-27 08:45:08,420 - ERROR - Error in main loop: 'RiskManager' object has no attribute 'investment_amount'
2025-03-27 08:45:09,097 - INFO - HTTP Request: POST https://api.telegram.org/bot7597858801:AAF-HXd1OHsS9ExROmwNPfidMc44HTFGo4o/sendMessage "HTTP/1.1 200 OK"
2025-03-27 08:46:09,344 - ERROR - Error in main loop: 'RiskManager' object has no attribute 'investment_amount'
2025-03-27 08:46:09,988 - INFO - HTTP Request: POST https://api.telegram.org/bot7597858801:AAF-HXd1OHsS9ExROmwNPfidMc44HTFGo4o/sendMessage "HTTP/1.1 200 OK"
2025-03-27 08:47:10,233 - ERROR - Error in main loop: 'RiskManager' object has no attribute 'investment_amount'
2025-03-27 08:47:10,921 - INFO - HTTP Request: POST https://api.telegram.org/bot7597858801:AAF-HXd1OHsS9ExROmwNPfidMc44HTFGo4o/sendMessage "HTTP/1.1 200 OK"
2025-03-27 08:48:11,160 - ERROR - Error in main loop: 'RiskManager' object has no attribute 'investment_amount'
2025-03-27 08:48:11,902 - INFO - HTTP Request: POST https://api.telegram.org/bot7597858801:AAF-HXd1OHsS9ExROmwNPfidMc44HTFGo4o/sendMessage "HTTP/1.1 200 OK"
2025-03-27 08:49:12,137 - ERROR - Error in main loop: 'RiskManager' object has no attribute 'investment_amount'
2025-03-27 08:49:12,787 - INFO - HTTP Request: POST https://api.telegram.org/bot7597858801:AAF-HXd1OHsS9ExROmwNPfidMc44HTFGo4o/sendMessage "HTTP/1.1 200 OK"
2025-03-27 08:50:13,040 - ERROR - Error in main loop: 'RiskManager' object has no attribute 'investment_amount'
2025-03-27 08:50:13,723 - INFO - HTTP Request: POST https://api.telegram.org/bot7597858801:AAF-HXd1OHsS9ExROmwNPfidMc44HTFGo4o/sendMessage "HTTP/1.1 200 OK"
2025-03-27 08:51:13,955 - ERROR - Error in main loop: 'RiskManager' object has no attribute 'investment_amount'
2025-03-27 08:51:14,639 - INFO - HTTP Request: POST https://api.telegram.org/bot7597858801:AAF-HXd1OHsS9ExROmwNPfidMc44HTFGo4o/sendMessage "HTTP/1.1 200 OK"
2025-03-27 08:52:14,881 - ERROR - Error in main loop: 'RiskManager' object has no attribute 'investment_amount'
2025-03-27 08:52:15,554 - INFO - HTTP Request: POST https://api.telegram.org/bot7597858801:AAF-HXd1OHsS9ExROmwNPfidMc44HTFGo4o/sendMessage "HTTP/1.1 200 OK"
2025-03-27 08:53:15,790 - ERROR - Error in main loop: 'RiskManager' object has no attribute 'investment_amount'
2025-03-27 08:53:16,444 - INFO - HTTP Request: POST https://api.telegram.org/bot7597858801:AAF-HXd1OHsS9ExROmwNPfidMc44HTFGo4o/sendMessage "HTTP/1.1 200 OK"
2025-03-27 08:54:16,873 - ERROR - Error in main loop: 'RiskManager' object has no attribute 'investment_amount'
2025-03-27 08:54:17,565 - INFO - HTTP Request: POST https://api.telegram.org/bot7597858801:AAF-HXd1OHsS9ExROmwNPfidMc44HTFGo4o/sendMessage "HTTP/1.1 200 OK"
2025-03-27 08:55:17,843 - ERROR - Error in main loop: 'RiskManager' object has no attribute 'investment_amount'
2025-03-27 08:55:18,545 - INFO - HTTP Request: POST https://api.telegram.org/bot7597858801:AAF-HXd1OHsS9ExROmwNPfidMc44HTFGo4o/sendMessage "HTTP/1.1 200 OK"
